15:50:24 INFO  : Registering command handlers for SDK TCF services
15:50:25 INFO  : Launching XSCT server: xsct.bat -interactive U:\XilinxWorkspace\temp_xsdb_launch_script.tcl
15:50:29 INFO  : XSCT server has started successfully.
15:50:29 INFO  : Successfully done setting XSCT server connection channel  
15:50:31 INFO  : Successfully done setting SDK workspace  
15:52:25 INFO  : Project 'design_1_wrapper_hw_platform_0' created. You can now create BSPs and application projects targeting this hardware platform.
15:54:35 ERROR : Error generating bsp sources: Failed in generating sources
15:54:35 ERROR : Failed to generate sources for BSP project standalone_bsp_0
org.eclipse.core.runtime.CoreException: Internal error occurred while generating bsp sources. Please check the SDK Log view for further details.
	at com.xilinx.sdk.sw.ui.handlers.RegenBspSourcesHandler.internalGenerateBsp(RegenBspSourcesHandler.java:178)
	at com.xilinx.sdk.sw.ui.handlers.RegenBspSourcesHandler.access$2(RegenBspSourcesHandler.java:163)
	at com.xilinx.sdk.sw.ui.handlers.RegenBspSourcesHandler$1$1.run(RegenBspSourcesHandler.java:131)
	at org.eclipse.core.internal.resources.Workspace.run(Workspace.java:2240)
	at org.eclipse.core.internal.resources.Workspace.run(Workspace.java:2267)
	at com.xilinx.sdk.sw.ui.handlers.RegenBspSourcesHandler$1.run(RegenBspSourcesHandler.java:135)
	at org.eclipse.jface.operation.ModalContext$ModalContextThread.run(ModalContext.java:119)
15:57:53 INFO  : Launching XSCT server: xsct.bat -interactive U:\XilinxWorkspace\temp_xsdb_launch_script.tcl
15:57:55 INFO  : XSCT server has started successfully.
15:57:55 INFO  : Successfully done setting XSCT server connection channel  
15:58:00 INFO  : Successfully done setting SDK workspace  
15:58:04 INFO  : Registering command handlers for SDK TCF services
15:58:43 ERROR : Error generating bsp sources: Failed in generating sources
15:58:43 ERROR : Failed to generate sources for BSP project standalone_bsp_0
org.eclipse.core.runtime.CoreException: Internal error occurred while generating bsp sources. Please check the SDK Log view for further details.
	at com.xilinx.sdk.sw.ui.handlers.RegenBspSourcesHandler.internalGenerateBsp(RegenBspSourcesHandler.java:178)
	at com.xilinx.sdk.sw.ui.handlers.RegenBspSourcesHandler.access$2(RegenBspSourcesHandler.java:163)
	at com.xilinx.sdk.sw.ui.handlers.RegenBspSourcesHandler$1$1.run(RegenBspSourcesHandler.java:131)
	at org.eclipse.core.internal.resources.Workspace.run(Workspace.java:2240)
	at org.eclipse.core.internal.resources.Workspace.run(Workspace.java:2267)
	at com.xilinx.sdk.sw.ui.handlers.RegenBspSourcesHandler$1.run(RegenBspSourcesHandler.java:135)
	at org.eclipse.jface.operation.ModalContext$ModalContextThread.run(ModalContext.java:119)
16:01:27 INFO  : Launching XSCT server: xsct.bat -interactive U:\XilinxWorkspace\temp_xsdb_launch_script.tcl
16:01:29 INFO  : XSCT server has started successfully.
16:01:36 INFO  : Successfully done setting XSCT server connection channel  
16:01:36 INFO  : Successfully done setting SDK workspace  
16:01:41 INFO  : Registering command handlers for SDK TCF services
16:08:35 ERROR : Failed to call GENERATE_APP 
Reason: boost::filesystem::permissions: Access is denied: "U:/XilinxWorkspace/Lab4-1194/src"
16:08:35 ERROR : 
java.lang.RuntimeException: Failed to call GENERATE_APP 
Reason: boost::filesystem::permissions: Access is denied: "U:/XilinxWorkspace/Lab4-1194/src"
	at com.xilinx.sdk.xsdb.XsdbCommandUtils.handleResult(XsdbCommandUtils.java:371)
	at com.xilinx.sdk.xsdb.XsdbCommandUtils.executeAndRespond(XsdbCommandUtils.java:309)
	at com.xilinx.sdk.appwiz.internal.AppGen.generate(AppGen.java:554)
	at com.xilinx.sdk.appwiz.core.StandaloneProjectHandler.createCoreApp(StandaloneProjectHandler.java:106)
	at com.xilinx.sdk.appwiz.core.AppCreationHandler.createApplication(AppCreationHandler.java:130)
	at com.xilinx.sdk.appwiz.core.AppCreationHandler$1.run(AppCreationHandler.java:66)
	at org.eclipse.core.internal.resources.Workspace.run(Workspace.java:2240)
	at org.eclipse.core.internal.resources.Workspace.run(Workspace.java:2262)
	at com.xilinx.sdk.appwiz.core.AppCreationHandler.execute(AppCreationHandler.java:62)
	at com.xilinx.sdk.appwiz.ApplicationWizard.createNewProject(ApplicationWizard.java:117)
	at org.eclipse.cdt.ui.wizards.NewCProjectWizard.doRun(NewCProjectWizard.java:293)
	at org.eclipse.cdt.ui.wizards.NewCProjectWizard$1$1$1.run(NewCProjectWizard.java:235)
	at org.eclipse.ui.actions.WorkspaceModifyDelegatingOperation.execute(WorkspaceModifyDelegatingOperation.java:67)
	at org.eclipse.ui.actions.WorkspaceModifyOperation.lambda$0(WorkspaceModifyOperation.java:107)
	at org.eclipse.core.internal.resources.Workspace.run(Workspace.java:2240)
	at org.eclipse.core.internal.resources.Workspace.run(Workspace.java:2267)
	at org.eclipse.ui.actions.WorkspaceModifyOperation.run(WorkspaceModifyOperation.java:128)
	at org.eclipse.jface.operation.ModalContext.runInCurrentThread(ModalContext.java:437)
	at org.eclipse.jface.operation.ModalContext.run(ModalContext.java:353)
	at org.eclipse.jface.wizard.WizardDialog.run(WizardDialog.java:993)
	at org.eclipse.cdt.ui.wizards.NewCProjectWizard$1$1.run(NewCProjectWizard.java:245)
	at org.eclipse.ui.internal.UILockListener.doPendingWork(UILockListener.java:162)
	at org.eclipse.ui.internal.UISynchronizer$3.run(UISynchronizer.java:154)
	at org.eclipse.swt.widgets.RunnableLock.run(RunnableLock.java:35)
	at org.eclipse.swt.widgets.Synchronizer.runAsyncMessages(Synchronizer.java:182)
	at org.eclipse.swt.widgets.Display.runAsyncMessages(Display.java:4203)
	at org.eclipse.swt.widgets.Display.readAndDispatch(Display.java:3819)
	at org.eclipse.jface.operation.ModalContext$ModalContextThread.block(ModalContext.java:165)
	at org.eclipse.jface.operation.ModalContext.run(ModalContext.java:369)
	at org.eclipse.jface.wizard.WizardDialog.run(WizardDialog.java:993)
	at org.eclipse.cdt.ui.wizards.NewCProjectWizard.invokeRunnable(NewCProjectWizard.java:272)
	at org.eclipse.cdt.ui.wizards.NewCProjectWizard.performFinish(NewCProjectWizard.java:162)
	at com.xilinx.sdk.appwiz.ApplicationWizard.performFinish(ApplicationWizard.java:158)
	at org.eclipse.jface.wizard.WizardDialog.finishPressed(WizardDialog.java:790)
	at org.eclipse.jface.wizard.WizardDialog.buttonPressed(WizardDialog.java:423)
	at org.eclipse.jface.dialogs.Dialog$2.widgetSelected(Dialog.java:618)
	at org.eclipse.swt.widgets.TypedListener.handleEvent(TypedListener.java:249)
	at org.eclipse.swt.widgets.EventTable.sendEvent(EventTable.java:84)
	at org.eclipse.swt.widgets.Display.sendEvent(Display.java:4410)
	at org.eclipse.swt.widgets.Widget.sendEvent(Widget.java:1079)
	at org.eclipse.swt.widgets.Display.runDeferredEvents(Display.java:4228)
	at org.eclipse.swt.widgets.Display.readAndDispatch(Display.java:3816)
	at org.eclipse.jface.window.Window.runEventLoop(Window.java:818)
	at org.eclipse.jface.window.Window.open(Window.java:794)
	at org.eclipse.ui.actions.NewProjectAction.run(NewProjectAction.java:115)
	at org.eclipse.jface.action.Action.runWithEvent(Action.java:473)
	at org.eclipse.jface.action.ActionContributionItem.handleWidgetSelection(ActionContributionItem.java:565)
	at org.eclipse.jface.action.ActionContributionItem.lambda$4(ActionContributionItem.java:397)
	at org.eclipse.swt.widgets.EventTable.sendEvent(EventTable.java:84)
	at org.eclipse.swt.widgets.Display.sendEvent(Display.java:4410)
	at org.eclipse.swt.widgets.Widget.sendEvent(Widget.java:1079)
	at org.eclipse.swt.widgets.Display.runDeferredEvents(Display.java:4228)
	at org.eclipse.swt.widgets.Display.readAndDispatch(Display.java:3816)
	at org.eclipse.e4.ui.internal.workbench.swt.PartRenderingEngine$4.run(PartRenderingEngine.java:1121)
	at org.eclipse.core.databinding.observable.Realm.runWithDefault(Realm.java:336)
	at org.eclipse.e4.ui.internal.workbench.swt.PartRenderingEngine.run(PartRenderingEngine.java:1022)
	at org.eclipse.e4.ui.internal.workbench.E4Workbench.createAndRunUI(E4Workbench.java:150)
	at org.eclipse.ui.internal.Workbench$5.run(Workbench.java:687)
	at org.eclipse.core.databinding.observable.Realm.runWithDefault(Realm.java:336)
	at org.eclipse.ui.internal.Workbench.createAndRunWorkbench(Workbench.java:604)
	at org.eclipse.ui.PlatformUI.createAndRunWorkbench(PlatformUI.java:148)
	at org.eclipse.ui.internal.ide.application.IDEApplication.start(IDEApplication.java:138)
	at org.eclipse.equinox.internal.app.EclipseAppHandle.run(EclipseAppHandle.java:196)
	at org.eclipse.core.runtime.internal.adaptor.EclipseAppLauncher.runApplication(EclipseAppLauncher.java:134)
	at org.eclipse.core.runtime.internal.adaptor.EclipseAppLauncher.start(EclipseAppLauncher.java:104)
	at org.eclipse.core.runtime.adaptor.EclipseStarter.run(EclipseStarter.java:388)
	at org.eclipse.core.runtime.adaptor.EclipseStarter.run(EclipseStarter.java:243)
	at sun.reflect.NativeMethodAccessorImpl.invoke0(Native Method)
	at sun.reflect.NativeMethodAccessorImpl.invoke(NativeMethodAccessorImpl.java:62)
	at sun.reflect.DelegatingMethodAccessorImpl.invoke(DelegatingMethodAccessorImpl.java:43)
	at java.lang.reflect.Method.invoke(Method.java:498)
	at org.eclipse.equinox.launcher.Main.invokeFramework(Main.java:673)
	at org.eclipse.equinox.launcher.Main.basicRun(Main.java:610)
	at org.eclipse.equinox.launcher.Main.run(Main.java:1519)
16:12:55 INFO  : Connected to target on host '127.0.0.1' and port '3121'.
16:12:56 INFO  : Jtag cable 'Digilent Zed 210248469963' is selected.
16:12:56 INFO  : 'jtag frequency' command is executed.
16:12:56 INFO  : Sourcing of 'U:/XilinxWorkspace/design_1_wrapper_hw_platform_0/ps7_init.tcl' is done.
16:12:56 INFO  : Context for 'APU' is selected.
16:12:57 INFO  : System reset is completed.
16:13:00 INFO  : 'after 3000' command is executed.
16:13:01 INFO  : 'targets -set -filter {jtag_cable_name =~ "Digilent Zed 210248469963" && level==0} -index 1' command is executed.
16:13:04 INFO  : FPGA configured successfully with bitstream "U:/XilinxWorkspace/design_1_wrapper_hw_platform_0/design_1_wrapper.bit"
16:13:04 INFO  : Context for 'APU' is selected.
16:13:04 INFO  : Hardware design information is loaded from 'U:/XilinxWorkspace/design_1_wrapper_hw_platform_0/system.hdf'.
16:13:04 INFO  : 'configparams force-mem-access 1' command is executed.
16:13:04 INFO  : Context for 'APU' is selected.
16:13:04 INFO  : 'ps7_init' command is executed.
16:13:04 INFO  : 'ps7_post_config' command is executed.
16:13:05 INFO  : Context for processor 'ps7_cortexa9_0' is selected.
16:13:05 INFO  : The application 'U:/XilinxWorkspace/Lab4-1194/Debug/Lab4-1194.elf' is downloaded to processor 'ps7_cortexa9_0'.
16:13:05 INFO  : 'configparams force-mem-access 0' command is executed.
16:13:05 INFO  : ----------------XSDB Script----------------
connect -url tcp:127.0.0.1:3121
source U:/XilinxWorkspace/design_1_wrapper_hw_platform_0/ps7_init.tcl
targets -set -nocase -filter {name =~"APU*" && jtag_cable_name =~ "Digilent Zed 210248469963"} -index 0
rst -system
after 3000
targets -set -filter {jtag_cable_name =~ "Digilent Zed 210248469963" && level==0} -index 1
fpga -file U:/XilinxWorkspace/design_1_wrapper_hw_platform_0/design_1_wrapper.bit
targets -set -nocase -filter {name =~"APU*" && jtag_cable_name =~ "Digilent Zed 210248469963"} -index 0
loadhw -hw U:/XilinxWorkspace/design_1_wrapper_hw_platform_0/system.hdf -mem-ranges [list {0x40000000 0xbfffffff}]
configparams force-mem-access 1
targets -set -nocase -filter {name =~"APU*" && jtag_cable_name =~ "Digilent Zed 210248469963"} -index 0
ps7_init
ps7_post_config
targets -set -nocase -filter {name =~ "ARM*#0" && jtag_cable_name =~ "Digilent Zed 210248469963"} -index 0
dow U:/XilinxWorkspace/Lab4-1194/Debug/Lab4-1194.elf
configparams force-mem-access 0
----------------End of Script----------------

16:13:05 INFO  : Memory regions updated for context APU
16:13:05 INFO  : Context for processor 'ps7_cortexa9_0' is selected.
16:13:05 INFO  : 'con' command is executed.
16:13:05 INFO  : ----------------XSDB Script (After Launch)----------------
targets -set -nocase -filter {name =~ "ARM*#0" && jtag_cable_name =~ "Digilent Zed 210248469963"} -index 0
con
----------------End of Script----------------

16:13:05 INFO  : Launch script is exported to file 'U:\XilinxWorkspace\.sdk\launch_scripts\xilinx_c-c++_application_(system_debugger)\system_debugger_using_debug_lab4-1194.elf_on_local.tcl'
16:13:26 INFO  : Disconnected from the channel tcfchan#1.
